
4월 24, 2025 15:00:06.477 NEW SESSION
4월 24, 2025 15:00:06.477 Created TensorFlow Lite XNNPACK delegate for CPU.
4월 24, 2025 15:08:10.866 [8052:4168:0424/150810.866:ERROR:new_tab_page_handler.cc(1345)] NewTabPage loaded into a non-browser-tab context
4월 24, 2025 16:36:36.98 [8052:4168:0424/163636.098:ERROR:device_event_log_impl.cc(202)] [16:36:36.099] Bluetooth: bluetooth_adapter_winrt.cc:1054 Getting Default Adapter failed.

4월 25, 2025 10:49:01.707 NEW SESSION
4월 25, 2025 10:49:01.707 Created TensorFlow Lite XNNPACK delegate for CPU.
4월 25, 2025 10:57:34.486 Created TensorFlow Lite XNNPACK delegate for CPU.
4월 25, 2025 12:36:07.78 [11848:1864:0425/123607.078:ERROR:interface_endpoint_client.cc(725)] Message 1 rejected by interface blink.mojom.WidgetHost

4월 25, 2025 17:14:29.756 NEW SESSION
4월 25, 2025 17:14:29.756 Created TensorFlow Lite XNNPACK delegate for CPU.

4월 28, 2025 10:37:21.592 NEW SESSION
4월 28, 2025 10:37:21.592 Created TensorFlow Lite XNNPACK delegate for CPU.
4월 28, 2025 11:55:32.999 [10000:8108:0428/115532.999:ERROR:new_tab_page_handler.cc(1345)] NewTabPage loaded into a non-browser-tab context
4월 28, 2025 14:05:38.446 [10000:8108:0428/140538.446:ERROR:interface_endpoint_client.cc(725)] Message 1 rejected by interface blink.mojom.WidgetHost
4월 28, 2025 16:46:22.458 [10000:8108:0428/164622.458:ERROR:interface_endpoint_client.cc(725)] Message 0 rejected by interface blink.mojom.WidgetHost
4월 28, 2025 16:47:32.497 [10000:8108:0428/164732.497:ERROR:interface_endpoint_client.cc(725)] Message 0 rejected by interface blink.mojom.WidgetHost
4월 28, 2025 16:47:33.395 [10000:8108:0428/164733.395:ERROR:device_event_log_impl.cc(202)] [16:47:33.395] Bluetooth: bluetooth_adapter_winrt.cc:1054 Getting Default Adapter failed.
4월 28, 2025 17:03:27.756 Created TensorFlow Lite XNNPACK delegate for CPU.

4월 29, 2025 15:00:17.278 NEW SESSION
4월 29, 2025 15:00:17.278 Created TensorFlow Lite XNNPACK delegate for CPU.
4월 29, 2025 15:04:35.923 Created TensorFlow Lite XNNPACK delegate for CPU.
4월 29, 2025 15:08:08.731 [16268:12696:0429/150808.731:ERROR:interface_endpoint_client.cc(725)] Message 1 rejected by interface blink.mojom.WidgetHost

4월 30, 2025 14:18:45.649 NEW SESSION
4월 30, 2025 14:18:45.649 Created TensorFlow Lite XNNPACK delegate for CPU.
